app/build/intermediates/manifest_merge_blame_file/intelligenceDebug/manifest-merger-blame-intelligence-debug-report.txt
1<?xml version="1.0" encoding="utf-8"?>
2<manifest xmlns:android="http://schemas.android.com/apk/res/android"
3    package="com.byfrost.browser"
4    android:versionCode="126"
5    android:versionName="1.2.6" >
6
7    <uses-sdk
7-->src/main/AndroidManifest.xml:4:5-69
8        android:minSdkVersion="21"
8-->src/main/AndroidManifest.xml:4:5-69
9        android:targetSdkVersion="34" />
9-->src/main/AndroidManifest.xml:4:5-69
10
11    <uses-permission android:name="android.permission.ACCESS_COARSE_LOCATION" />
11-->src/main/AndroidManifest.xml:6:5-81
11-->src/main/AndroidManifest.xml:6:22-78
12    <uses-permission android:name="android.permission.ACCESS_FINE_LOCATION" />
12-->src/main/AndroidManifest.xml:7:5-79
12-->src/main/AndroidManifest.xml:7:22-76
13    <uses-permission android:name="android.permission.ACCESS_NETWORK_STATE" />
13-->src/main/AndroidManifest.xml:8:5-79
13-->src/main/AndroidManifest.xml:8:22-76
14    <uses-permission android:name="android.permission.ACCESS_WIFI_STATE" />
14-->src/main/AndroidManifest.xml:9:5-76
14-->src/main/AndroidManifest.xml:9:22-73
15    <uses-permission android:name="android.permission.INTERNET" />
15-->src/main/AndroidManifest.xml:10:5-67
15-->src/main/AndroidManifest.xml:10:22-64
16    <uses-permission android:name="android.permission.SET_WALLPAPER" />
16-->src/main/AndroidManifest.xml:11:5-72
16-->src/main/AndroidManifest.xml:11:22-69
17    <uses-permission android:name="android.permission.WAKE_LOCK" />
17-->src/main/AndroidManifest.xml:12:5-68
17-->src/main/AndroidManifest.xml:12:22-65
18    <uses-permission android:name="android.permission.WRITE_EXTERNAL_STORAGE" />
18-->src/main/AndroidManifest.xml:13:5-81
18-->src/main/AndroidManifest.xml:13:22-78
19    <uses-permission android:name="com.android.launcher.permission.INSTALL_SHORTCUT" />
19-->src/main/AndroidManifest.xml:14:5-88
19-->src/main/AndroidManifest.xml:14:22-85
20    <uses-permission android:name="android.permission.VIBRATE" />
20-->src/main/AndroidManifest.xml:15:5-66
20-->src/main/AndroidManifest.xml:15:22-63
21    <uses-permission android:name="android.permission.READ_PHONE_STATE" />
21-->src/main/AndroidManifest.xml:16:5-75
21-->src/main/AndroidManifest.xml:16:22-72
22    <uses-permission android:name="android.permission.WRITE_SETTINGS" />
22-->src/main/AndroidManifest.xml:17:5-73
22-->src/main/AndroidManifest.xml:17:22-70
23    <uses-permission android:name="android.permission.FOREGROUND_SERVICE" />
23-->src/main/AndroidManifest.xml:18:5-77
23-->src/main/AndroidManifest.xml:18:22-74
24    <uses-permission android:name="android.permission.REQUEST_INSTALL_PACKAGES" />
24-->src/main/AndroidManifest.xml:19:5-83
24-->src/main/AndroidManifest.xml:19:22-80
25    <uses-permission android:name="android.permission.GET_TASKS" />
25-->src/main/AndroidManifest.xml:20:5-68
25-->src/main/AndroidManifest.xml:20:22-65
26    <uses-permission android:name="android.permission.GET_CLIPBOARD_SERVICE" />
26-->src/main/AndroidManifest.xml:21:5-80
26-->src/main/AndroidManifest.xml:21:22-77
27    <uses-permission android:name="android.permission.READ_CLIPBOARD" />
27-->src/main/AndroidManifest.xml:22:5-73
27-->src/main/AndroidManifest.xml:22:22-70
28    <uses-permission android:name="android.permission.MOUNT_UNMOUNT_FILESYSTEMS" />
28-->src/main/AndroidManifest.xml:23:5-84
28-->src/main/AndroidManifest.xml:23:22-81
29    <uses-permission android:name="android.permission.POST_NOTIFICATIONS" />
29-->src/main/AndroidManifest.xml:24:5-77
29-->src/main/AndroidManifest.xml:24:22-74
30    <uses-permission android:name="android.permission.BIND_NOTIFICATION_LISTENER_SERVICE" />
30-->src/main/AndroidManifest.xml:25:5-93
30-->src/main/AndroidManifest.xml:25:22-90
31    <uses-permission android:name="android.permission.CAMERA" />
31-->src/main/AndroidManifest.xml:26:5-65
31-->src/main/AndroidManifest.xml:26:22-62
32    <uses-permission android:name="com.google.android.gms.permission.AD_ID" />
32-->[com.google.android.gms:play-services-measurement-api:22.1.2] AndroidManifest.xml:25:5-79
32-->[com.google.android.gms:play-services-measurement-api:22.1.2] AndroidManifest.xml:25:22-76
33    <uses-permission android:name="android.permission.ACCESS_ADSERVICES_ATTRIBUTION" />
33-->[com.google.android.gms:play-services-measurement-api:22.1.2] AndroidManifest.xml:26:5-88
33-->[com.google.android.gms:play-services-measurement-api:22.1.2] AndroidManifest.xml:26:22-85
34    <uses-permission android:name="android.permission.ACCESS_ADSERVICES_AD_ID" />
34-->[com.google.android.gms:play-services-measurement-api:22.1.2] AndroidManifest.xml:27:5-82
34-->[com.google.android.gms:play-services-measurement-api:22.1.2] AndroidManifest.xml:27:22-79
35    <uses-permission android:name="com.google.android.finsky.permission.BIND_GET_INSTALL_REFERRER_SERVICE" />
35-->[com.google.android.gms:play-services-measurement:22.1.2] AndroidManifest.xml:26:5-110
35-->[com.google.android.gms:play-services-measurement:22.1.2] AndroidManifest.xml:26:22-107
36    <uses-permission android:name="android.permission.ACCESS_ADSERVICES_TOPICS" /> <!-- Android package visibility setting -->
36-->[com.google.android.gms:play-services-ads-lite:23.4.0] AndroidManifest.xml:29:5-83
36-->[com.google.android.gms:play-services-ads-lite:23.4.0] AndroidManifest.xml:29:22-80
37    <queries>
37-->[com.google.android.gms:play-services-ads-lite:23.4.0] AndroidManifest.xml:35:5-68:15
38
39        <!-- For browser content -->
40        <intent>
40-->[com.google.android.gms:play-services-ads-lite:23.4.0] AndroidManifest.xml:38:9-44:18
41            <action android:name="android.intent.action.VIEW" />
41-->src/main/AndroidManifest.xml:105:17-69
41-->src/main/AndroidManifest.xml:105:25-66
42
43            <category android:name="android.intent.category.BROWSABLE" />
43-->src/main/AndroidManifest.xml:108:17-78
43-->src/main/AndroidManifest.xml:108:27-75
44
45            <data android:scheme="https" />
45-->src/main/AndroidManifest.xml:110:17-47
45-->src/main/AndroidManifest.xml:110:23-44
46        </intent>
47        <!-- End of browser content -->
48        <!-- For CustomTabsService -->
49        <intent>
49-->[com.google.android.gms:play-services-ads-lite:23.4.0] AndroidManifest.xml:47:9-49:18
50            <action android:name="android.support.customtabs.action.CustomTabsService" />
50-->[com.google.android.gms:play-services-ads-lite:23.4.0] AndroidManifest.xml:48:13-90
50-->[com.google.android.gms:play-services-ads-lite:23.4.0] AndroidManifest.xml:48:21-87
51        </intent>
52        <!-- End of CustomTabsService -->
53        <!-- For MRAID capabilities -->
54        <intent>
54-->[com.google.android.gms:play-services-ads-lite:23.4.0] AndroidManifest.xml:52:9-56:18
55            <action android:name="android.intent.action.INSERT" />
55-->src/main/AndroidManifest.xml:318:17-71
55-->src/main/AndroidManifest.xml:318:25-68
56
57            <data android:mimeType="vnd.android.cursor.dir/event" />
57-->src/main/AndroidManifest.xml:110:17-47
57-->src/main/AndroidManifest.xml:127:23-51
58        </intent>
59        <intent>
59-->[com.google.android.gms:play-services-ads-lite:23.4.0] AndroidManifest.xml:57:9-61:18
60            <action android:name="android.intent.action.VIEW" />
60-->src/main/AndroidManifest.xml:105:17-69
60-->src/main/AndroidManifest.xml:105:25-66
61
62            <data android:scheme="sms" />
62-->src/main/AndroidManifest.xml:110:17-47
62-->src/main/AndroidManifest.xml:110:23-44
63        </intent>
64        <intent>
64-->[com.google.android.gms:play-services-ads-lite:23.4.0] AndroidManifest.xml:62:9-66:18
65            <action android:name="android.intent.action.DIAL" />
65-->[com.google.android.gms:play-services-ads-lite:23.4.0] AndroidManifest.xml:63:13-65
65-->[com.google.android.gms:play-services-ads-lite:23.4.0] AndroidManifest.xml:63:21-62
66
67            <data android:path="tel:" />
67-->src/main/AndroidManifest.xml:110:17-47
67-->src/main/AndroidManifest.xml:222:21-41
68        </intent>
69        <!-- End of MRAID capabilities -->
70    </queries>
71
72    <permission
72-->[androidx.core:core:1.9.0] AndroidManifest.xml:22:5-24:47
73        android:name="com.byfrost.browser.DYNAMIC_RECEIVER_NOT_EXPORTED_PERMISSION"
73-->[androidx.core:core:1.9.0] AndroidManifest.xml:23:9-81
74        android:protectionLevel="signature" />
74-->[androidx.core:core:1.9.0] AndroidManifest.xml:24:9-44
75
76    <uses-permission android:name="com.byfrost.browser.DYNAMIC_RECEIVER_NOT_EXPORTED_PERMISSION" />
76-->[androidx.core:core:1.9.0] AndroidManifest.xml:26:5-97
76-->[androidx.core:core:1.9.0] AndroidManifest.xml:26:22-94
77
78    <application
79        android:name="com.intelligence.browser.BrowserApplication"
79-->src/main/AndroidManifest.xml:29:9-67
80        android:appComponentFactory="androidx.core.app.CoreComponentFactory"
80-->[androidx.core:core:1.9.0] AndroidManifest.xml:28:18-86
81        android:backupAgent="com.intelligence.browser.manager.BrowserBackupAgent"
81-->src/main/AndroidManifest.xml:30:9-82
82        android:debuggable="true"
83        android:hardwareAccelerated="true"
83-->src/main/AndroidManifest.xml:31:9-43
84        android:icon="@drawable/browser_app_icon"
84-->src/main/AndroidManifest.xml:32:9-50
85        android:label="@string/application_name"
85-->src/main/AndroidManifest.xml:33:9-49
86        android:largeHeap="true"
86-->src/main/AndroidManifest.xml:34:9-33
87        android:networkSecurityConfig="@xml/browser_network_security_config"
87-->src/main/AndroidManifest.xml:35:9-77
88        android:requestLegacyExternalStorage="true"
88-->src/main/AndroidManifest.xml:36:9-52
89        android:resizeableActivity="false"
89-->src/main/AndroidManifest.xml:37:9-43
90        android:screenOrientation="locked"
90-->src/main/AndroidManifest.xml:38:9-43
91        android:supportsRtl="true"
91-->src/main/AndroidManifest.xml:39:9-35
92        android:taskAffinity="com.byfrost.browser"
92-->src/main/AndroidManifest.xml:40:9-47
93        android:testOnly="true"
94        android:usesCleartextTraffic="true" >
94-->src/main/AndroidManifest.xml:41:9-44
95        <meta-data
95-->src/main/AndroidManifest.xml:45:9-47:35
96            android:name="android.max_aspect"
96-->src/main/AndroidManifest.xml:46:13-46
97            android:value="2.4" />
97-->src/main/AndroidManifest.xml:47:13-32
98        <meta-data
98-->src/main/AndroidManifest.xml:49:9-51:70
99            android:name="com.google.android.gms.ads.APPLICATION_ID"
99-->src/main/AndroidManifest.xml:50:13-69
100            android:value="ca-app-pub-7100088665720611~5196594817" />
100-->src/main/AndroidManifest.xml:51:13-67
101
102        <provider
103            android:name="androidx.core.content.FileProvider"
103-->src/main/AndroidManifest.xml:54:13-62
104            android:authorities="com.byfrost.browser.fileprovider"
104-->src/main/AndroidManifest.xml:55:13-63
105            android:exported="false"
105-->src/main/AndroidManifest.xml:56:13-37
106            android:grantUriPermissions="true" >
106-->src/main/AndroidManifest.xml:57:13-47
107            <meta-data
107-->src/main/AndroidManifest.xml:58:13-60:53
108                android:name="android.support.FILE_PROVIDER_PATHS"
108-->src/main/AndroidManifest.xml:59:17-67
109                android:resource="@xml/filepaths" />
109-->src/main/AndroidManifest.xml:60:17-50
110        </provider>
111
112        <!-- 广告配置 -->
113        <!-- <provider -->
114        <!-- android:name="com.bytedance.sdk.openadsdk.TTFileProvider" -->
115        <!-- android:authorities="${applicationId}.TTFileProvider" -->
116        <!-- android:exported="false" -->
117        <!-- android:grantUriPermissions="true"> -->
118        <!-- <meta-data -->
119        <!-- android:name="android.support.FILE_PROVIDER_PATHS" -->
120        <!-- android:resource="@xml/file_paths" /> -->
121        <!-- </provider> -->
122        <!-- <provider -->
123        <!-- android:name="com.bytedance.sdk.openadsdk.multipro.TTMultiProvider" -->
124        <!-- android:authorities="${applicationId}.TTMultiProvider" -->
125        <!-- android:exported="false" /> -->
126
127        <provider
128            android:name="com.intelligence.browser.database.provider.BrowserProvider2"
128-->src/main/AndroidManifest.xml:79:13-87
129            android:authorities="com.byfrost.browser;byfrost"
129-->src/main/AndroidManifest.xml:80:13-66
130            android:exported="true"
130-->src/main/AndroidManifest.xml:81:13-36
131            android:multiprocess="false"
131-->src/main/AndroidManifest.xml:82:13-41
132            android:readPermission="com.android.browser.permission.READ_HISTORY_BOOKMARKS"
132-->src/main/AndroidManifest.xml:83:13-91
133            android:writePermission="com.android.browser.permission.WRITE_HISTORY_BOOKMARKS" >
133-->src/main/AndroidManifest.xml:84:13-93
134            <path-permission
134-->src/main/AndroidManifest.xml:85:13-87:77
135                android:path="/bookmarks/search_suggest_query"
135-->src/main/AndroidManifest.xml:86:17-63
136                android:readPermission="android.permission.GLOBAL_SEARCH" />
136-->src/main/AndroidManifest.xml:87:17-74
137        </provider>
138
139        <activity
139-->src/main/AndroidManifest.xml:90:9-200:20
140            android:name="com.intelligence.browser.ui.activity.SplashActivity"
140-->src/main/AndroidManifest.xml:91:13-79
141            android:alwaysRetainTaskState="true"
141-->src/main/AndroidManifest.xml:92:13-49
142            android:exported="true"
142-->src/main/AndroidManifest.xml:93:13-36
143            android:label="@string/application_name"
143-->src/main/AndroidManifest.xml:94:13-53
144            android:launchMode="singleTask"
144-->src/main/AndroidManifest.xml:95:13-44
145            android:screenOrientation="portrait"
145-->src/main/AndroidManifest.xml:96:13-49
146            android:theme="@style/BaseBrowserTheme" >
146-->src/main/AndroidManifest.xml:97:13-52
147            <intent-filter>
147-->src/main/AndroidManifest.xml:98:13-101:29
148                <action android:name="android.speech.action.VOICE_SEARCH_RESULTS" />
148-->src/main/AndroidManifest.xml:99:17-85
148-->src/main/AndroidManifest.xml:99:25-82
149
150                <category android:name="android.intent.category.DEFAULT" />
150-->src/main/AndroidManifest.xml:100:17-76
150-->src/main/AndroidManifest.xml:100:27-73
151            </intent-filter>
152            <!--
153                 For these schemes were not particular MIME type has been
154                 supplied, we are a good candidate.
155            -->
156            <intent-filter>
156-->src/main/AndroidManifest.xml:104:13-114:29
157                <action android:name="android.intent.action.VIEW" />
157-->src/main/AndroidManifest.xml:105:17-69
157-->src/main/AndroidManifest.xml:105:25-66
158
159                <category android:name="android.intent.category.DEFAULT" />
159-->src/main/AndroidManifest.xml:100:17-76
159-->src/main/AndroidManifest.xml:100:27-73
160                <category android:name="android.intent.category.BROWSABLE" />
160-->src/main/AndroidManifest.xml:108:17-78
160-->src/main/AndroidManifest.xml:108:27-75
161
162                <data android:scheme="http" />
162-->src/main/AndroidManifest.xml:110:17-47
162-->src/main/AndroidManifest.xml:110:23-44
163                <data android:scheme="https" />
163-->src/main/AndroidManifest.xml:110:17-47
163-->src/main/AndroidManifest.xml:110:23-44
164                <data android:scheme="about" />
164-->src/main/AndroidManifest.xml:110:17-47
164-->src/main/AndroidManifest.xml:110:23-44
165                <data android:scheme="javascript" />
165-->src/main/AndroidManifest.xml:110:17-47
165-->src/main/AndroidManifest.xml:110:23-44
166            </intent-filter>
167            <!--
168                  For these schemes where any of these particular MIME types
169                  have been supplied, we are a good candidate.
170            -->
171            <intent-filter>
171-->src/main/AndroidManifest.xml:117:13-131:29
172                <action android:name="android.intent.action.VIEW" />
172-->src/main/AndroidManifest.xml:105:17-69
172-->src/main/AndroidManifest.xml:105:25-66
173
174                <category android:name="android.intent.category.BROWSABLE" />
174-->src/main/AndroidManifest.xml:108:17-78
174-->src/main/AndroidManifest.xml:108:27-75
175                <category android:name="android.intent.category.DEFAULT" />
175-->src/main/AndroidManifest.xml:100:17-76
175-->src/main/AndroidManifest.xml:100:27-73
176
177                <data android:scheme="http" />
177-->src/main/AndroidManifest.xml:110:17-47
177-->src/main/AndroidManifest.xml:110:23-44
178                <data android:scheme="https" />
178-->src/main/AndroidManifest.xml:110:17-47
178-->src/main/AndroidManifest.xml:110:23-44
179                <data android:scheme="inline" />
179-->src/main/AndroidManifest.xml:110:17-47
179-->src/main/AndroidManifest.xml:110:23-44
180                <data android:scheme="content" />
180-->src/main/AndroidManifest.xml:110:17-47
180-->src/main/AndroidManifest.xml:110:23-44
181                <data android:mimeType="text/html" />
181-->src/main/AndroidManifest.xml:110:17-47
181-->src/main/AndroidManifest.xml:127:23-51
182                <data android:mimeType="text/plain" />
182-->src/main/AndroidManifest.xml:110:17-47
182-->src/main/AndroidManifest.xml:127:23-51
183                <data android:mimeType="application/xhtml+xml" />
183-->src/main/AndroidManifest.xml:110:17-47
183-->src/main/AndroidManifest.xml:127:23-51
184                <data android:mimeType="application/vnd.wap.xhtml+xml" />
184-->src/main/AndroidManifest.xml:110:17-47
184-->src/main/AndroidManifest.xml:127:23-51
185            </intent-filter>
186            <intent-filter>
186-->src/main/AndroidManifest.xml:133:13-144:29
187
188                <!-- 文件类型的ACTION -->
189                <action android:name="android.intent.action.VIEW" />
189-->src/main/AndroidManifest.xml:105:17-69
189-->src/main/AndroidManifest.xml:105:25-66
190                <!-- CATEGORY，指定为能够启动的Activity -->
191                <category android:name="android.intent.category.DEFAULT" />
191-->src/main/AndroidManifest.xml:100:17-76
191-->src/main/AndroidManifest.xml:100:27-73
192                <!-- CATEGORY，支持外部应用发送的文件 -->
193                <category android:name="android.intent.category.BROWSABLE" />
193-->src/main/AndroidManifest.xml:108:17-78
193-->src/main/AndroidManifest.xml:108:27-75
194                <!-- 指定支持的视频文件类型 -->
195                <data android:scheme="content" />
195-->src/main/AndroidManifest.xml:110:17-47
195-->src/main/AndroidManifest.xml:110:23-44
196                <data android:scheme="file" />
196-->src/main/AndroidManifest.xml:110:17-47
196-->src/main/AndroidManifest.xml:110:23-44
197                <data android:mimeType="video/*" />
197-->src/main/AndroidManifest.xml:110:17-47
197-->src/main/AndroidManifest.xml:127:23-51
198            </intent-filter>
199            <intent-filter>
199-->src/main/AndroidManifest.xml:145:13-153:29
200                <action android:name="android.intent.action.VIEW" />
200-->src/main/AndroidManifest.xml:105:17-69
200-->src/main/AndroidManifest.xml:105:25-66
201
202                <category android:name="android.intent.category.DEFAULT" />
202-->src/main/AndroidManifest.xml:100:17-76
202-->src/main/AndroidManifest.xml:100:27-73
203                <category android:name="android.intent.category.BROWSABLE" />
203-->src/main/AndroidManifest.xml:108:17-78
203-->src/main/AndroidManifest.xml:108:27-75
204                <!-- 支持文件类型为图片 -->
205                <data android:scheme="content" />
205-->src/main/AndroidManifest.xml:110:17-47
205-->src/main/AndroidManifest.xml:110:23-44
206                <data android:scheme="file" />
206-->src/main/AndroidManifest.xml:110:17-47
206-->src/main/AndroidManifest.xml:110:23-44
207                <data android:mimeType="audio/*" />
207-->src/main/AndroidManifest.xml:110:17-47
207-->src/main/AndroidManifest.xml:127:23-51
208            </intent-filter>
209            <intent-filter>
209-->src/main/AndroidManifest.xml:154:13-163:29
210
211                <!-- 接收外部打开的文件 -->
212                <action android:name="android.intent.action.VIEW" />
212-->src/main/AndroidManifest.xml:105:17-69
212-->src/main/AndroidManifest.xml:105:25-66
213
214                <category android:name="android.intent.category.DEFAULT" />
214-->src/main/AndroidManifest.xml:100:17-76
214-->src/main/AndroidManifest.xml:100:27-73
215                <category android:name="android.intent.category.BROWSABLE" />
215-->src/main/AndroidManifest.xml:108:17-78
215-->src/main/AndroidManifest.xml:108:27-75
216                <!-- 支持文件类型为图片 -->
217                <data android:scheme="content" />
217-->src/main/AndroidManifest.xml:110:17-47
217-->src/main/AndroidManifest.xml:110:23-44
218                <data android:scheme="file" />
218-->src/main/AndroidManifest.xml:110:17-47
218-->src/main/AndroidManifest.xml:110:23-44
219                <data android:mimeType="image/*" />
219-->src/main/AndroidManifest.xml:110:17-47
219-->src/main/AndroidManifest.xml:127:23-51
220            </intent-filter>
221            <!-- For viewing saved web archives. -->
222            <intent-filter>
222-->src/main/AndroidManifest.xml:165:13-175:29
223                <action android:name="android.intent.action.VIEW" />
223-->src/main/AndroidManifest.xml:105:17-69
223-->src/main/AndroidManifest.xml:105:25-66
224
225                <category android:name="android.intent.category.BROWSABLE" />
225-->src/main/AndroidManifest.xml:108:17-78
225-->src/main/AndroidManifest.xml:108:27-75
226                <category android:name="android.intent.category.DEFAULT" />
226-->src/main/AndroidManifest.xml:100:17-76
226-->src/main/AndroidManifest.xml:100:27-73
227
228                <data android:scheme="http" />
228-->src/main/AndroidManifest.xml:110:17-47
228-->src/main/AndroidManifest.xml:110:23-44
229                <data android:scheme="https" />
229-->src/main/AndroidManifest.xml:110:17-47
229-->src/main/AndroidManifest.xml:110:23-44
230                <data android:scheme="file" />
230-->src/main/AndroidManifest.xml:110:17-47
230-->src/main/AndroidManifest.xml:110:23-44
231                <data android:mimeType="application/x-webarchive-xml" />
231-->src/main/AndroidManifest.xml:110:17-47
231-->src/main/AndroidManifest.xml:127:23-51
232            </intent-filter>
233            <!-- We are also the main entry point of the browser. -->
234            <intent-filter>
234-->src/main/AndroidManifest.xml:177:13-184:29
235                <action android:name="android.intent.action.MAIN" />
235-->src/main/AndroidManifest.xml:178:17-69
235-->src/main/AndroidManifest.xml:178:25-66
236
237                <category android:name="android.intent.category.DEFAULT" />
237-->src/main/AndroidManifest.xml:100:17-76
237-->src/main/AndroidManifest.xml:100:27-73
238                <category android:name="android.intent.category.LAUNCHER" />
238-->src/main/AndroidManifest.xml:181:17-77
238-->src/main/AndroidManifest.xml:181:27-74
239                <category android:name="android.intent.category.BROWSABLE" />
239-->src/main/AndroidManifest.xml:108:17-78
239-->src/main/AndroidManifest.xml:108:27-75
240                <category android:name="android.intent.category.APP_BROWSER" />
240-->src/main/AndroidManifest.xml:183:17-80
240-->src/main/AndroidManifest.xml:183:27-77
241            </intent-filter>
242            <intent-filter>
242-->src/main/AndroidManifest.xml:185:13-190:29
243                <action android:name="android.intent.action.WEB_SEARCH" />
243-->src/main/AndroidManifest.xml:186:17-75
243-->src/main/AndroidManifest.xml:186:25-72
244
245                <category android:name="android.intent.category.DEFAULT" />
245-->src/main/AndroidManifest.xml:100:17-76
245-->src/main/AndroidManifest.xml:100:27-73
246                <category android:name="android.intent.category.BROWSABLE" />
246-->src/main/AndroidManifest.xml:108:17-78
246-->src/main/AndroidManifest.xml:108:27-75
247            </intent-filter>
248            <intent-filter>
248-->src/main/AndroidManifest.xml:191:13-194:29
249                <action android:name="android.intent.action.MEDIA_SEARCH" />
249-->src/main/AndroidManifest.xml:192:17-77
249-->src/main/AndroidManifest.xml:192:25-74
250
251                <category android:name="android.intent.category.DEFAULT" />
251-->src/main/AndroidManifest.xml:100:17-76
251-->src/main/AndroidManifest.xml:100:27-73
252            </intent-filter>
253            <intent-filter>
253-->src/main/AndroidManifest.xml:195:13-198:29
254                <action android:name="android.intent.action.SEARCH" />
254-->src/main/AndroidManifest.xml:196:17-71
254-->src/main/AndroidManifest.xml:196:25-68
255
256                <category android:name="android.intent.category.DEFAULT" />
256-->src/main/AndroidManifest.xml:100:17-76
256-->src/main/AndroidManifest.xml:100:27-73
257            </intent-filter>
258        </activity>
259        <activity
259-->src/main/AndroidManifest.xml:202:9-230:20
260            android:name="com.intelligence.browser.ui.MainActivity"
260-->src/main/AndroidManifest.xml:203:13-68
261            android:alwaysRetainTaskState="true"
261-->src/main/AndroidManifest.xml:204:13-49
262            android:configChanges="orientation|keyboardHidden|keyboard|screenSize|locale|screenLayout"
262-->src/main/AndroidManifest.xml:205:13-103
263            android:exported="true"
263-->src/main/AndroidManifest.xml:206:13-36
264            android:label="@string/application_name"
264-->src/main/AndroidManifest.xml:207:13-53
265            android:launchMode="singleTask"
265-->src/main/AndroidManifest.xml:208:13-44
266            android:screenOrientation="portrait"
266-->src/main/AndroidManifest.xml:209:13-49
267            android:theme="@style/BaseBrowserTheme"
267-->src/main/AndroidManifest.xml:210:13-52
268            android:windowSoftInputMode="stateHidden|adjustPan" >
268-->src/main/AndroidManifest.xml:211:13-64
269            <intent-filter>
269-->src/main/AndroidManifest.xml:214:13-224:29
270                <action android:name="android.intent.action.VIEW" />
270-->src/main/AndroidManifest.xml:105:17-69
270-->src/main/AndroidManifest.xml:105:25-66
271
272                <category android:name="android.intent.category.DEFAULT" />
272-->src/main/AndroidManifest.xml:100:17-76
272-->src/main/AndroidManifest.xml:100:27-73
273                <category android:name="android.intent.category.BROWSABLE" />
273-->src/main/AndroidManifest.xml:108:17-78
273-->src/main/AndroidManifest.xml:108:27-75
274
275                <data
275-->src/main/AndroidManifest.xml:110:17-47
276                    android:host="browser"
276-->src/main/AndroidManifest.xml:221:21-43
277                    android:path="/home"
277-->src/main/AndroidManifest.xml:222:21-41
278                    android:scheme="yunxin" />
278-->src/main/AndroidManifest.xml:110:23-44
279            </intent-filter>
280
281            <meta-data
281-->src/main/AndroidManifest.xml:226:13-228:62
282                android:name="android.app.searchable"
282-->src/main/AndroidManifest.xml:227:17-54
283                android:resource="@xml/browser_searchable" />
283-->src/main/AndroidManifest.xml:228:17-59
284        </activity>
285        <activity
285-->src/main/AndroidManifest.xml:232:9-245:20
286            android:name="com.intelligence.browser.ui.media.PhotoViewPagerActivity"
286-->src/main/AndroidManifest.xml:233:13-60
287            android:exported="true"
287-->src/main/AndroidManifest.xml:234:13-36
288            android:icon="@drawable/browser_app_icon"
288-->src/main/AndroidManifest.xml:235:13-54
289            android:label="phtoto"
289-->src/main/AndroidManifest.xml:236:13-35
290            android:screenOrientation="locked"
290-->src/main/AndroidManifest.xml:237:13-47
291            android:theme="@style/AppTheme.Fullscreen" >
291-->src/main/AndroidManifest.xml:238:13-55
292            <intent-filter>
292-->src/main/AndroidManifest.xml:240:13-244:29
293                <action android:name="android.intent.action.CREATE_SHORTCUT" />
293-->src/main/AndroidManifest.xml:241:17-80
293-->src/main/AndroidManifest.xml:241:25-77
294
295                <category android:name="android.intent.category.DEFAULT" />
295-->src/main/AndroidManifest.xml:100:17-76
295-->src/main/AndroidManifest.xml:100:27-73
296
297                <data android:mimeType="image/*" />
297-->src/main/AndroidManifest.xml:110:17-47
297-->src/main/AndroidManifest.xml:127:23-51
298            </intent-filter>
299        </activity>
300        <activity
300-->src/main/AndroidManifest.xml:247:9-252:64
301            android:name="com.intelligence.browser.settings.multilanguage.LanguageSettingActivity"
301-->src/main/AndroidManifest.xml:248:13-75
302            android:configChanges="orientation|keyboardHidden|screenSize"
302-->src/main/AndroidManifest.xml:249:13-74
303            android:exported="true"
303-->src/main/AndroidManifest.xml:250:13-36
304            android:screenOrientation="portrait"
304-->src/main/AndroidManifest.xml:251:13-49
305            android:theme="@style/BaseBrowserTheme" />
305-->src/main/AndroidManifest.xml:252:13-52
306        <activity
306-->src/main/AndroidManifest.xml:254:9-260:20
307            android:name="com.intelligence.browser.ui.media.VideoActivity"
307-->src/main/AndroidManifest.xml:255:13-51
308            android:configChanges="orientation|keyboardHidden|screenSize"
308-->src/main/AndroidManifest.xml:256:13-74
309            android:exported="true"
309-->src/main/AndroidManifest.xml:257:13-36
310            android:screenOrientation="sensor"
310-->src/main/AndroidManifest.xml:258:13-47
311            android:theme="@style/BaseBrowserTheme" >
311-->src/main/AndroidManifest.xml:259:13-52
312        </activity>
313        <activity
313-->src/main/AndroidManifest.xml:262:9-275:20